<?xml version="1.0" encoding="UTF-8"?>
<testng-results ignored="0" total="7" passed="7" failed="0" skipped="0">
  <reporter-output>
  </reporter-output>
  <suite started-at="2023-12-18T13:07:52 IST" name="AutomationAnywhereSuite" finished-at="2023-12-18T13:08:31 IST" duration-ms="39091">
    <groups>
    </groups>
    <test started-at="2023-12-18T13:07:52 IST" name="AutomationAnywhereTest" finished-at="2023-12-18T13:08:31 IST" duration-ms="39091">
      <class name="com.sdet.Test.ProgramThreee">
        <test-method is-config="true" signature="setUp()[pri:0, instance:com.sdet.Test.ProgramThreee@66f57048]" started-at="2023-12-18T13:07:59 IST" name="setUp" finished-at="2023-12-18T13:08:04 IST" duration-ms="4932" status="PASS">
          <reporter-output>
          </reporter-output>
        </test-method> <!-- setUp -->
        <test-method signature="verifyLogo()[pri:1, instance:com.sdet.Test.ProgramThreee@66f57048]" started-at="2023-12-18T13:08:04 IST" name="verifyLogo" finished-at="2023-12-18T13:08:04 IST" duration-ms="90" status="PASS">
          <reporter-output>
          </reporter-output>
        </test-method> <!-- verifyLogo -->
        <test-method signature="verifyRequestDemoButton()[pri:2, instance:com.sdet.Test.ProgramThreee@66f57048]" started-at="2023-12-18T13:08:04 IST" name="verifyRequestDemoButton" finished-at="2023-12-18T13:08:04 IST" duration-ms="58" status="PASS">
          <reporter-output>
          </reporter-output>
        </test-method> <!-- verifyRequestDemoButton -->
        <test-method is-config="true" signature="tearDown()[pri:0, instance:com.sdet.Test.ProgramThreee@66f57048]" started-at="2023-12-18T13:08:29 IST" name="tearDown" finished-at="2023-12-18T13:08:31 IST" duration-ms="1675" status="PASS">
          <reporter-output>
          </reporter-output>
        </test-method> <!-- tearDown -->
      </class> <!-- com.sdet.Test.ProgramThreee -->
      <class name="com.sdet.Test.ProgramFour">
        <test-method is-config="true" signature="setUp()[pri:0, instance:com.sdet.Test.ProgramFour@12aba8be]" started-at="2023-12-18T13:07:52 IST" name="setUp" finished-at="2023-12-18T13:07:59 IST" duration-ms="6912" status="PASS">
          <reporter-output>
          </reporter-output>
        </test-method> <!-- setUp -->
        <test-method signature="verifyProductsNavigation()[pri:1, instance:com.sdet.Test.ProgramFour@12aba8be]" started-at="2023-12-18T13:08:04 IST" name="verifyProductsNavigation" finished-at="2023-12-18T13:08:09 IST" duration-ms="5209" status="PASS">
          <reporter-output>
          </reporter-output>
        </test-method> <!-- verifyProductsNavigation -->
        <test-method signature="verifySolutionsNavigation()[pri:2, instance:com.sdet.Test.ProgramFour@12aba8be]" started-at="2023-12-18T13:08:09 IST" name="verifySolutionsNavigation" finished-at="2023-12-18T13:08:14 IST" duration-ms="4554" status="PASS">
          <reporter-output>
          </reporter-output>
        </test-method> <!-- verifySolutionsNavigation -->
        <test-method signature="verifyResourcesNavigation()[pri:3, instance:com.sdet.Test.ProgramFour@12aba8be]" started-at="2023-12-18T13:08:14 IST" name="verifyResourcesNavigation" finished-at="2023-12-18T13:08:17 IST" duration-ms="3912" status="PASS">
          <reporter-output>
          </reporter-output>
        </test-method> <!-- verifyResourcesNavigation -->
        <test-method signature="verifyBeyondRPANavigation()[pri:4, instance:com.sdet.Test.ProgramFour@12aba8be]" started-at="2023-12-18T13:08:17 IST" name="verifyBeyondRPANavigation" finished-at="2023-12-18T13:08:22 IST" duration-ms="5059" status="PASS">
          <reporter-output>
          </reporter-output>
        </test-method> <!-- verifyBeyondRPANavigation -->
        <test-method signature="verifyCompanyNavigation()[pri:5, instance:com.sdet.Test.ProgramFour@12aba8be]" started-at="2023-12-18T13:08:22 IST" name="verifyCompanyNavigation" finished-at="2023-12-18T13:08:27 IST" duration-ms="4938" status="PASS">
          <reporter-output>
          </reporter-output>
        </test-method> <!-- verifyCompanyNavigation -->
        <test-method is-config="true" signature="tearDown()[pri:0, instance:com.sdet.Test.ProgramFour@12aba8be]" started-at="2023-12-18T13:08:27 IST" name="tearDown" finished-at="2023-12-18T13:08:29 IST" duration-ms="1692" status="PASS">
          <reporter-output>
          </reporter-output>
        </test-method> <!-- tearDown -->
      </class> <!-- com.sdet.Test.ProgramFour -->
    </test> <!-- AutomationAnywhereTest -->
  </suite> <!-- AutomationAnywhereSuite -->
</testng-results>
