<?xml version="1.0" encoding="UTF-8"?>
<!-- Generated by org.testng.reporters.JUnitXMLReporter -->
<testsuite ignored="0" hostname="36895e9e9f4f573" failures="0" tests="7" name="AutomationAnywhereTest" time="39.091" errors="0" timestamp="2023-12-18T13:08:31 IST">
  <testcase classname="com.sdet.Test.ProgramThreee" name="verifyLogo" time="0.09"/>
  <testcase classname="com.sdet.Test.ProgramThreee" name="verifyRequestDemoButton" time="0.058"/>
  <testcase classname="com.sdet.Test.ProgramFour" name="verifyProductsNavigation" time="5.209"/>
  <testcase classname="com.sdet.Test.ProgramFour" name="verifySolutionsNavigation" time="4.554"/>
  <testcase classname="com.sdet.Test.ProgramFour" name="verifyResourcesNavigation" time="3.912"/>
  <testcase classname="com.sdet.Test.ProgramFour" name="verifyBeyondRPANavigation" time="5.059"/>
  <testcase classname="com.sdet.Test.ProgramFour" name="verifyCompanyNavigation" time="4.938"/>
</testsuite> <!-- AutomationAnywhereTest -->
